<?xml version="1.0" encoding="UTF-8"?>
<!-- Generated by org.testng.reporters.JUnitXMLReporter -->
<testsuite ignored="0" hostname="SSRamakrishna" failures="0" tests="8" name="Test" time="0.215" errors="0" timestamp="2022-08-18T12:33:29 IST">
  <testcase classname="testNG.Testclass" name="createTask" time="0.025"/>
  <testcase classname="testNG.Testclass" name="createTask" time="0.003"/>
  <testcase classname="testNG.Testclass" name="createTask" time="0.003"/>
  <testcase classname="testNG.Testclass" name="modifyTask" time="0.004"/>
  <testcase classname="testNG.Testclass" name="deleteTask" time="0.004"/>
  <testcase classname="testNG.Demo1" name="createCustomer" time="0.003"/>
  <testcase classname="testNG.Demo1" name="modifyCustomer" time="0.006"/>
  <testcase classname="testNG.Demo1" name="deleteCustomer" time="0.003"/>
</testsuite> <!-- Test -->
