<?xml version="1.0" encoding="UTF-8"?>
<testng-results ignored="0" total="4" passed="4" failed="0" skipped="0">
  <reporter-output>
    <line>
      <![CDATA[openBrowser]]>
    </line>
    <line>
      <![CDATA[Login]]>
    </line>
    <line>
      <![CDATA[Delete Customer]]>
    </line>
    <line>
      <![CDATA[Logout]]>
    </line>
    <line>
      <![CDATA[Login]]>
    </line>
    <line>
      <![CDATA[Register Customer]]>
    </line>
    <line>
      <![CDATA[Logout]]>
    </line>
    <line>
      <![CDATA[Login]]>
    </line>
    <line>
      <![CDATA[Edit Customer]]>
    </line>
    <line>
      <![CDATA[Logout]]>
    </line>
    <line>
      <![CDATA[Login]]>
    </line>
    <line>
      <![CDATA[Edit Customer]]>
    </line>
    <line>
      <![CDATA[Logout]]>
    </line>
    <line>
      <![CDATA[close Browser]]>
    </line>
  </reporter-output>
  <suite started-at="2022-08-27T21:40:25 IST" name="Default suite" finished-at="2022-08-27T21:40:25 IST" duration-ms="252">
    <groups>
    </groups>
    <test started-at="2022-08-27T21:40:25 IST" name="Default test" finished-at="2022-08-27T21:40:25 IST" duration-ms="252">
      <class name="anno.CustomerModule">
        <test-method is-config="true" signature="openBrowser()[pri:0, instance:anno.CustomerModule@16a0ee18]" started-at="2022-08-27T21:40:25 IST" name="openBrowser" finished-at="2022-08-27T21:40:25 IST" duration-ms="26" status="PASS">
          <reporter-output>
            <line>
              <![CDATA[openBrowser]]>
            </line>
          </reporter-output>
        </test-method> <!-- openBrowser -->
        <test-method is-config="true" signature="login()[pri:0, instance:anno.CustomerModule@16a0ee18]" started-at="2022-08-27T21:40:25 IST" name="login" finished-at="2022-08-27T21:40:25 IST" duration-ms="1" status="PASS">
          <reporter-output>
            <line>
              <![CDATA[Login]]>
            </line>
          </reporter-output>
        </test-method> <!-- login -->
        <test-method signature="deleteCustomer()[pri:0, instance:anno.CustomerModule@16a0ee18]" started-at="2022-08-27T21:40:25 IST" name="deleteCustomer" finished-at="2022-08-27T21:40:25 IST" duration-ms="24" status="PASS">
          <reporter-output>
            <line>
              <![CDATA[Delete Customer]]>
            </line>
          </reporter-output>
        </test-method> <!-- deleteCustomer -->
        <test-method is-config="true" signature="logout()[pri:0, instance:anno.CustomerModule@16a0ee18]" started-at="2022-08-27T21:40:25 IST" name="logout" finished-at="2022-08-27T21:40:25 IST" duration-ms="1" status="PASS">
          <reporter-output>
            <line>
              <![CDATA[Logout]]>
            </line>
          </reporter-output>
        </test-method> <!-- logout -->
        <test-method is-config="true" signature="login()[pri:0, instance:anno.CustomerModule@16a0ee18]" started-at="2022-08-27T21:40:25 IST" name="login" finished-at="2022-08-27T21:40:25 IST" duration-ms="1" status="PASS">
          <reporter-output>
            <line>
              <![CDATA[Login]]>
            </line>
          </reporter-output>
        </test-method> <!-- login -->
        <test-method signature="registerCustomer()[pri:0, instance:anno.CustomerModule@16a0ee18]" started-at="2022-08-27T21:40:25 IST" name="registerCustomer" finished-at="2022-08-27T21:40:25 IST" duration-ms="7" status="PASS">
          <reporter-output>
            <line>
              <![CDATA[Register Customer]]>
            </line>
          </reporter-output>
        </test-method> <!-- registerCustomer -->
        <test-method is-config="true" signature="logout()[pri:0, instance:anno.CustomerModule@16a0ee18]" started-at="2022-08-27T21:40:25 IST" name="logout" finished-at="2022-08-27T21:40:25 IST" duration-ms="1" status="PASS">
          <reporter-output>
            <line>
              <![CDATA[Logout]]>
            </line>
          </reporter-output>
        </test-method> <!-- logout -->
        <test-method is-config="true" signature="login()[pri:0, instance:anno.CustomerModule@16a0ee18]" started-at="2022-08-27T21:40:25 IST" name="login" finished-at="2022-08-27T21:40:25 IST" duration-ms="1" status="PASS">
          <reporter-output>
            <line>
              <![CDATA[Login]]>
            </line>
          </reporter-output>
        </test-method> <!-- login -->
        <test-method signature="editCustomer()[pri:1, instance:anno.CustomerModule@16a0ee18]" started-at="2022-08-27T21:40:25 IST" name="editCustomer" finished-at="2022-08-27T21:40:25 IST" duration-ms="9" status="PASS">
          <reporter-output>
            <line>
              <![CDATA[Edit Customer]]>
            </line>
          </reporter-output>
        </test-method> <!-- editCustomer -->
        <test-method is-config="true" signature="logout()[pri:0, instance:anno.CustomerModule@16a0ee18]" started-at="2022-08-27T21:40:25 IST" name="logout" finished-at="2022-08-27T21:40:25 IST" duration-ms="1" status="PASS">
          <reporter-output>
            <line>
              <![CDATA[Logout]]>
            </line>
          </reporter-output>
        </test-method> <!-- logout -->
        <test-method is-config="true" signature="login()[pri:0, instance:anno.CustomerModule@16a0ee18]" started-at="2022-08-27T21:40:25 IST" name="login" finished-at="2022-08-27T21:40:25 IST" duration-ms="1" status="PASS">
          <reporter-output>
            <line>
              <![CDATA[Login]]>
            </line>
          </reporter-output>
        </test-method> <!-- login -->
        <test-method signature="editCustomer()[pri:1, instance:anno.CustomerModule@16a0ee18]" started-at="2022-08-27T21:40:25 IST" name="editCustomer" finished-at="2022-08-27T21:40:25 IST" duration-ms="8" status="PASS">
          <reporter-output>
            <line>
              <![CDATA[Edit Customer]]>
            </line>
          </reporter-output>
        </test-method> <!-- editCustomer -->
        <test-method is-config="true" signature="logout()[pri:0, instance:anno.CustomerModule@16a0ee18]" started-at="2022-08-27T21:40:25 IST" name="logout" finished-at="2022-08-27T21:40:25 IST" duration-ms="1" status="PASS">
          <reporter-output>
            <line>
              <![CDATA[Logout]]>
            </line>
          </reporter-output>
        </test-method> <!-- logout -->
        <test-method is-config="true" signature="closeBrowser()[pri:0, instance:anno.CustomerModule@16a0ee18]" started-at="2022-08-27T21:40:25 IST" name="closeBrowser" finished-at="2022-08-27T21:40:25 IST" duration-ms="2" status="PASS">
          <reporter-output>
            <line>
              <![CDATA[close Browser]]>
            </line>
          </reporter-output>
        </test-method> <!-- closeBrowser -->
      </class> <!-- anno.CustomerModule -->
    </test> <!-- Default test -->
  </suite> <!-- Default suite -->
</testng-results>
