<?xml version="1.0" encoding="UTF-8"?>
<!-- Generated by org.testng.reporters.JUnitXMLReporter -->
<testsuite ignored="0" hostname="SSRamakrishna" failures="0" tests="4" name="Default test" time="0.252" errors="0" timestamp="2022-08-27T21:40:25 IST">
  <testcase classname="anno.CustomerModule" name="deleteCustomer" time="0.024"/>
  <testcase classname="anno.CustomerModule" name="registerCustomer" time="0.007"/>
  <testcase classname="anno.CustomerModule" name="editCustomer" time="0.009"/>
  <testcase classname="anno.CustomerModule" name="editCustomer" time="0.008"/>
</testsuite> <!-- Default test -->
